    _                _                      
   / \   ___ ___ ___| | ___ _ __ __ _ _   _ 
  / _ \ / __/ __/ _ \ |/ _ \ '__/ _` | | | |
 / ___ \ (_| (_|  __/ |  __/ | | (_| | |_| |
/_/   \_\___\___\___|_|\___|_|  \__, |\__, |
                                |___/ |___/ 

Info: generating outputs according to the following specified output flags... 
 Please use the -f flag to update the preference (default to all output files) 
{'ERT': 1, 'ERT_summary': 1, 'ART': 1, 'ART_summary': 1, 'energy_estimation': 1, 'flattened_arch': 1}
Info: config file located: /home/workspace/.config/accelergy/accelergy_config.yaml 
config file content: 
 {'version': 0.3, 'compound_components': [], 'estimator_plug_ins': ['/usr/local/share/accelergy/estimation_plug_ins'], 'primitive_components': ['/usr/local/share/accelergy/primitive_component_libs'], 'table_plug_ins': {'roots': ['/usr/local/share/accelergy/estimation_plug_ins/accelergy-table-based-plug-ins/set_of_table_templates']}}
Warn: Cannot recognize the top key "sparse_optimizations" in file sparse_opt/my_eyeriss_like.yaml 
Warn: Cannot recognize the top key "architecture_constraints" in file constraints/my_eyeriss_like_arch_constraints.yaml 
Warn: Cannot recognize the top key "mapper" in file mapper/mapper.yaml 
Warn: Cannot recognize the top key "problem" in file prob/layer3.yaml 
Info: Parsing file arch/my_arch.yaml for architecture info 
Info: Found non-numeric expression 45nm. Available bindings: {'technology': '45nm'} 
WARN: Failed to evaluate "45nm". Setting eyeriss_168.technology="45nm". Available bindings: {'technology': '45nm'}
Info: Parsing file components/SRAM_metadata.yaml for compound_components info 
Info: Parsing file components/mac.yaml for compound_components info 
Info: Parsing file components/regfile_metadata.yaml for compound_components info 
Info: Parsing file components/smartbuffer.yaml for compound_components info 
Info: Parsing file components/smartbuffer_metadata.yaml for compound_components info 
Info: primitive component file parsed:  /usr/local/share/accelergy/primitive_component_libs/primitive_component.lib.yaml 
Info: primitive component file parsed:  /usr/local/share/accelergy/primitive_component_libs/soc_primitives.lib.yaml 
Info: primitive component file parsed:  /usr/local/share/accelergy/primitive_component_libs/pim_primitive_component.lib.yaml 
Info: Calculated "log(data_storage_depth)" = 7.090076835776092 
Info: Calculated "log(data_storage_depth)" = 7.783224016336037 
Info: Calculated "log(data_storage_depth)" = 7.7142311448490855 
Info: Found non-numeric expression LPDDR4. Available bindings: {'width': 128000, 'block_size': 4, 'datawidth': 32000, 'instances': 1, 'metadata_storage_width': 60000, 'metadata_datawidth': 5000, 'metadata_block_size': 12, 'technology': '45nm', 'type': 'LPDDR4'} 
WARN: Failed to evaluate "LPDDR4". Setting eyeriss_168.DRAM.type="LPDDR4". Available bindings: {'width': 128000, 'block_size': 4, 'datawidth': 32000, 'instances': 1, 'metadata_storage_width': 60000, 'metadata_datawidth': 5000, 'metadata_block_size': 12, 'technology': '45nm', 'type': 'LPDDR4'}
Info: Calculated "data_storage_width" = 12800 
Info: Calculated "log(data_storage_depth)" = 9.457200449907708 
Info: Found non-numeric expression avg_sparsity. Available bindings: {'data_storage_depth': 1200, 'data_storage_width': 3300, 'n_banks': 1, 'datawidth': 3300, 'metadata_storage_depth': 600, 'metadata_storage_width': 600, 'metadata_block_size': 12, 'metadata_datawidth': 50, 'read_bandwidth': 200, 'write_bandwidth': 200, 'meshX': 14, 'technology': '45nm', 'n_rdwr_ports': 2, 'ag_datawidth': 7.090076835776092} 
WARN: Failed to evaluate "avg_sparsity". Setting storage.avg_sparsity="avg_sparsity". Available bindings: {'data_storage_depth': 1200, 'data_storage_width': 3300, 'n_banks': 1, 'datawidth': 3300, 'metadata_storage_depth': 600, 'metadata_storage_width': 600, 'metadata_block_size': 12, 'metadata_datawidth': 50, 'read_bandwidth': 200, 'write_bandwidth': 200, 'meshX': 14, 'technology': '45nm', 'n_rdwr_ports': 2, 'ag_datawidth': 7.090076835776092}
Info: Found non-numeric expression 5ns. Available bindings: OrderedDict([('technology', '45nm'), ('width', 3300), ('depth', 1200), ('datawidth', 3300), ('n_rdwr_ports', 2), ('n_banks', 1), ('avg_sparsity', 'avg_sparsity'), ('n_rd_ports', 0), ('n_wr_ports', 0), ('latency', '5ns')]) 
WARN: Failed to evaluate "5ns". Setting storage.latency="5ns". Available bindings: OrderedDict([('technology', '45nm'), ('width', 3300), ('depth', 1200), ('datawidth', 3300), ('n_rdwr_ports', 2), ('n_banks', 1), ('avg_sparsity', 'avg_sparsity'), ('n_rd_ports', 0), ('n_wr_ports', 0), ('latency', '5ns')])
Info: Calculated "metadata_datawidth * metadata_block_size" = 6000 
Info: estimator plug-in identified by:  /usr/local/share/accelergy/estimation_plug_ins/accelergy-cacti-plug-in/cacti.estimator.yaml 
Info: estimator plug-in identified by:  /usr/local/share/accelergy/estimation_plug_ins/dummy_tables/dummy.estimator.yaml 
Info: estimator plug-in identified by:  /usr/local/share/accelergy/estimation_plug_ins/accelergy-aladdin-plug-in/aladdin.estimator.yaml 
Info: estimator plug-in identified by:  /usr/local/share/accelergy/estimation_plug_ins/accelergy-table-based-plug-ins/table.estimator.yaml 
table-based-plug-ins Identifies a set of tables named:  test_tables
Info: CACTI plug-in... Querying CACTI for request:
 {'class_name': 'SRAM', 'attributes': OrderedDict([('technology', '45nm'), ('width', 3300), ('depth', 1200), ('datawidth', 3300), ('n_rdwr_ports', 2), ('n_banks', 1), ('avg_sparsity', 'avg_sparsity'), ('n_rd_ports', 0), ('n_wr_ports', 0), ('latency', '5ns')]), 'action_name': 'write', 'arguments': None}
copy  /usr/local/share/accelergy/estimation_plug_ins/accelergy-cacti-plug-in/default_SRAM.cfg  to  /usr/local/share/accelergy/estimation_plug_ins/accelergy-cacti-plug-in/cacti/timeloop-mapper.11_15_03_30_20_SRAM.cfg
CACTI plug-in removing temp file:  /usr/local/share/accelergy/estimation_plug_ins/accelergy-cacti-plug-in/cacti/timeloop-mapper.11_15_03_30_20_SRAM.cfg
Info: CACTI plug-in... Querying CACTI for request:
 {'class_name': 'SRAM', 'attributes': OrderedDict([('technology', '45nm'), ('width', 32000), ('depth', 2400), ('datawidth', 32000), ('n_rdwr_ports', 2), ('n_banks', 1), ('avg_sparsity', 'avg_sparsity'), ('n_rd_ports', 0), ('n_wr_ports', 0), ('latency', '5ns')]), 'action_name': 'write', 'arguments': None}
copy  /usr/local/share/accelergy/estimation_plug_ins/accelergy-cacti-plug-in/default_SRAM.cfg  to  /usr/local/share/accelergy/estimation_plug_ins/accelergy-cacti-plug-in/cacti/timeloop-mapper.11_15_03_30_20_SRAM.cfg
CACTI plug-in removing temp file:  /usr/local/share/accelergy/estimation_plug_ins/accelergy-cacti-plug-in/cacti/timeloop-mapper.11_15_03_30_20_SRAM.cfg
Info: CACTI plug-in... Querying CACTI for request:
 {'class_name': 'SRAM', 'attributes': OrderedDict([('technology', '45nm'), ('width', 3200), ('depth', 2240), ('datawidth', 3200), ('n_rdwr_ports', 2), ('n_banks', 1), ('avg_sparsity', 'avg_sparsity'), ('n_rd_ports', 0), ('n_wr_ports', 0), ('latency', '5ns')]), 'action_name': 'write', 'arguments': None}
copy  /usr/local/share/accelergy/estimation_plug_ins/accelergy-cacti-plug-in/default_SRAM.cfg  to  /usr/local/share/accelergy/estimation_plug_ins/accelergy-cacti-plug-in/cacti/timeloop-mapper.11_15_03_30_21_SRAM.cfg
CACTI plug-in removing temp file:  /usr/local/share/accelergy/estimation_plug_ins/accelergy-cacti-plug-in/cacti/timeloop-mapper.11_15_03_30_21_SRAM.cfg
Info: CACTI plug-in... Querying CACTI for request:
 {'class_name': 'SRAM', 'attributes': OrderedDict([('technology', '45nm'), ('width', 12800), ('depth', 12800), ('datawidth', 12800), ('n_rdwr_ports', 2), ('n_banks', 1), ('avg_sparsity', 'avg_sparsity'), ('n_rd_ports', 0), ('n_wr_ports', 0), ('latency', '5ns')]), 'action_name': 'write', 'arguments': None}
copy  /usr/local/share/accelergy/estimation_plug_ins/accelergy-cacti-plug-in/default_SRAM.cfg  to  /usr/local/share/accelergy/estimation_plug_ins/accelergy-cacti-plug-in/cacti/timeloop-mapper.11_15_03_30_21_SRAM.cfg
CACTI plug-in removing temp file:  /usr/local/share/accelergy/estimation_plug_ins/accelergy-cacti-plug-in/cacti/timeloop-mapper.11_15_03_30_21_SRAM.cfg
Info: CACTI plug-in... Querying CACTI for request:
 {'class_name': 'SRAM', 'attributes': OrderedDict([('technology', '45nm'), ('width', 6000), ('depth', 6000), ('datawidth', 6000), ('n_rd_ports', 0), ('n_wr_ports', 0), ('n_rdwr_ports', 1), ('n_banks', 1), ('latency', '5ns')]), 'action_name': 'read', 'arguments': None}
copy  /usr/local/share/accelergy/estimation_plug_ins/accelergy-cacti-plug-in/default_SRAM.cfg  to  /usr/local/share/accelergy/estimation_plug_ins/accelergy-cacti-plug-in/cacti/timeloop-mapper.11_15_03_30_22_SRAM.cfg
CACTI plug-in removing temp file:  /usr/local/share/accelergy/estimation_plug_ins/accelergy-cacti-plug-in/cacti/timeloop-mapper.11_15_03_30_22_SRAM.cfg
Warn: No action counts are specified as yaml input 
Info: flattened architecture is saved to: output//timeloop-mapper.flattened_architecture.yaml 
Info: energy reference table is saved to: output//timeloop-mapper.ERT.yaml 
Info: energy reference table summary is saved to: output//timeloop-mapper.ERT_summary.yaml 
Warn: no runtime energy estimations are generated... not generating energy_estimation.yaml 
Info: area reference table is saved to: output//timeloop-mapper.ART.yaml 
Info: area reference table summary is saved to: output//timeloop-mapper.ART_summary.yaml 
